<?xml version="1.0" encoding="UTF-8"?>
<!-- Generated by org.testng.reporters.JUnitReportReporter -->
<testsuite hostname="Shubh_51" failures="0" tests="1" name="sampletest.ReadDataFromJsonFile" time="0.019" errors="0" timestamp="2024-09-16T10:41:35 IST" skipped="0">
  <testcase classname="sampletest.ReadDataFromJsonFile" name="readData" time="0.019"/>
  <system-out/>
</testsuite> <!-- sampletest.ReadDataFromJsonFile -->
