<?xml version="1.0" encoding="UTF-8"?>
<!-- Generated by org.testng.reporters.JUnitReportReporter -->
<testsuite hostname="Shubh_51" failures="0" tests="2" name="com.crm.tp.terns.vendorstest.VendorTest" time="52.909" errors="0" timestamp="2024-09-15T14:24:14 IST" skipped="0">
  <testcase classname="com.crm.tp.terns.vendorstest.VendorTest" name="CreatevendorWithGLDDTest" time="27.215"/>
  <system-out/>
  <testcase classname="com.crm.tp.terns.vendorstest.VendorTest" name="createVendorTest" time="25.694"/>
  <system-out/>
</testsuite> <!-- com.crm.tp.terns.vendorstest.VendorTest -->
