<?xml version="1.0" encoding="UTF-8"?>
<!-- Generated by org.testng.reporters.JUnitReportReporter -->
<testsuite hostname="Shubh_51" failures="0" tests="1" name="com.crm.tp.terns.vendorstest.VendorTest" time="56.560" errors="0" timestamp="2024-09-16T10:49:19 IST" skipped="0">
  <testcase classname="com.crm.tp.terns.vendorstest.VendorTest" name="createVendorTest" time="56.560"/>
  <system-out/>
</testsuite> <!-- com.crm.tp.terns.vendorstest.VendorTest -->
