<?xml version="1.0" encoding="UTF-8"?>
<!-- Generated by org.testng.reporters.JUnitReportReporter -->
<testsuite hostname="Shubh_51" failures="0" tests="1" name="sampletest.TestCase" time="10.740" errors="0" timestamp="2024-09-11T16:37:53 IST" skipped="0">
  <testcase classname="sampletest.TestCase" name="testscriptTest" time="10.740"/>
  <system-out/>
</testsuite> <!-- sampletest.TestCase -->
