<?xml version="1.0" encoding="UTF-8"?>
<!-- Generated by org.testng.reporters.JUnitReportReporter -->
<testsuite hostname="Shubh_51" failures="0" tests="1" name="sampletest.ReadDataFromJsonFile" time="0.059" errors="0" timestamp="2024-09-14T11:17:50 IST" skipped="0">
  <testcase classname="sampletest.ReadDataFromJsonFile" name="getTime" time="0.059"/>
  <system-out/>
</testsuite> <!-- sampletest.ReadDataFromJsonFile -->
