<?xml version="1.0" encoding="UTF-8"?>
<!-- Generated by org.testng.reporters.JUnitReportReporter -->
<testsuite hostname="Shubh_51" failures="0" tests="1" name="com.crm.tp.terns.quotestest.EditQuotesTest" time="97.143" errors="0" timestamp="2024-09-15T14:24:14 IST" skipped="0">
  <testcase classname="com.crm.tp.terns.quotestest.EditQuotesTest" name="createQuoteAndEditSubjectOfQuoteTest" time="97.143"/>
  <system-out/>
</testsuite> <!-- com.crm.tp.terns.quotestest.EditQuotesTest -->
