<?xml version="1.0" encoding="UTF-8"?>
<!-- Generated by org.testng.reporters.JUnitReportReporter -->
<testsuite hostname="Shubh_51" failures="0" tests="2" name="com.crm.tp.terns.vendortest.VendorTest" time="58.585" errors="0" timestamp="2024-09-14T10:32:18 IST" skipped="0">
  <testcase classname="com.crm.tp.terns.vendortest.VendorTest" name="createVendorTest" time="20.494"/>
  <system-out/>
  <testcase classname="com.crm.tp.terns.vendortest.VendorTest" name="CreatevendorWithGLDD" time="38.091"/>
  <system-out/>
</testsuite> <!-- com.crm.tp.terns.vendortest.VendorTest -->
