<?xml version="1.0" encoding="UTF-8"?>
<!-- Generated by org.testng.reporters.JUnitReportReporter -->
<testsuite hostname="Shubh_51" failures="0" tests="3" name="com.crm.tp.terns.productstest.CreateProductTest" time="78.627" errors="0" timestamp="2024-09-15T14:24:14 IST" skipped="0">
  <testcase classname="com.crm.tp.terns.productstest.CreateProductTest" name="createProductWithSupportDateAndSalesDateTest" time="27.177"/>
  <system-out/>
  <testcase classname="com.crm.tp.terns.productstest.CreateProductTest" name="createProductWithMandatoryInformationTest" time="26.243"/>
  <system-out/>
  <testcase classname="com.crm.tp.terns.productstest.CreateProductTest" name="createProductWithProductImageInformationTest" time="25.207"/>
  <system-out/>
</testsuite> <!-- com.crm.tp.terns.productstest.CreateProductTest -->
